c:\users\rns\documents\github\lantalk\debug\lantalk.pch
c:\users\rns\documents\github\lantalk\debug\vc140.pdb
c:\users\rns\documents\github\lantalk\debug\vc140.idb
c:\users\rns\documents\github\lantalk\debug\stdafx.obj
c:\users\rns\documents\github\lantalk\debug\basicclass.obj
c:\users\rns\documents\github\lantalk\debug\chatdlg.obj
c:\users\rns\documents\github\lantalk\debug\chatedit.obj
c:\users\rns\documents\github\lantalk\debug\chattoolbar.obj
c:\users\rns\documents\github\lantalk\debug\clientsocket.obj
c:\users\rns\documents\github\lantalk\debug\lanseldlg.obj
c:\users\rns\documents\github\lantalk\debug\lantalk.obj
c:\users\rns\documents\github\lantalk\debug\lantalkdlg.obj
c:\users\rns\documents\github\lantalk\debug\listensocket.obj
c:\users\rns\documents\github\lantalk\debug\recdviewdlg.obj
c:\users\rns\documents\github\lantalk\debug\recvfiledlg.obj
c:\users\rns\documents\github\lantalk\debug\sockmsg.obj
c:\users\rns\documents\github\lantalk\debug\lantalk.ilk
c:\users\rns\documents\github\lantalk\debug\lantalk.exe
c:\users\rns\documents\github\lantalk\debug\lantalk.pdb
c:\users\rns\documents\github\lantalk\debug\lantalk.res
c:\users\rns\documents\github\lantalk\debug\lantalk.tlog\cl.command.1.tlog
c:\users\rns\documents\github\lantalk\debug\lantalk.tlog\cl.read.1.tlog
c:\users\rns\documents\github\lantalk\debug\lantalk.tlog\cl.write.1.tlog
c:\users\rns\documents\github\lantalk\debug\lantalk.tlog\link.command.1.tlog
c:\users\rns\documents\github\lantalk\debug\lantalk.tlog\link.read.1.tlog
c:\users\rns\documents\github\lantalk\debug\lantalk.tlog\link.write.1.tlog
c:\users\rns\documents\github\lantalk\debug\lantalk.tlog\rc.command.1.tlog
c:\users\rns\documents\github\lantalk\debug\lantalk.tlog\rc.read.1.tlog
c:\users\rns\documents\github\lantalk\debug\lantalk.tlog\rc.write.1.tlog
