生成启动时间为 2015/12/22 下午 10:35:20。
     1>项目“C:\Users\rns\Documents\GitHub\LANTalk\LANTalk.vcxproj”在节点 2 上(Rebuild 个目标)。
     1>ClCompile:
         D:\Program Files (x86)\Microsoft Visual Studio 14.0\VC\bin\CL.exe /c /Zi /nologo /W3 /WX- /O2 /Oi /Oy- /GL /D WIN32 /D _WINDOWS /D NDEBUG /D _UNICODE /D UNICODE /Gm- /EHsc /MT /GS /Gy /fp:precise /Zc:wchar_t /Zc:forScope /Zc:inline /Yc"stdafx.h" /Fp"Release\LANTalk.pch" /Fo"Release\\" /Fd"Release\vc140.pdb" /Gd /TP /analyze- /errorReport:prompt stdafx.cpp
         stdafx.cpp
         D:\Program Files (x86)\Microsoft Visual Studio 14.0\VC\bin\CL.exe /c /Zi /nologo /W3 /WX- /O2 /Oi /Oy- /GL /D WIN32 /D _WINDOWS /D NDEBUG /D _UNICODE /D UNICODE /Gm- /EHsc /MT /GS /Gy /fp:precise /Zc:wchar_t /Zc:forScope /Zc:inline /Yu"stdafx.h" /Fp"Release\LANTalk.pch" /Fo"Release\\" /Fd"Release\vc140.pdb" /Gd /TP /analyze- /errorReport:prompt basicClass.cpp ChatDlg.cpp ChatEdit.cpp ChatToolBar.cpp ClientSocket.cpp LanSelDlg.cpp LANTalk.cpp LANTalkDlg.cpp ListenSocket.cpp RecdViewDlg.cpp RecvFileDlg.cpp SockMsg.cpp
         basicClass.cpp
     1>basicClass.cpp(118): warning C4800: “BOOL”: 将值强制为布尔值“true”或“false”(性能警告)
     1>basicClass.cpp(173): warning C4800: “BOOL”: 将值强制为布尔值“true”或“false”(性能警告)
         ChatDlg.cpp
     1>ChatDlg.cpp(279): warning C4244: “初始化”: 从“ULONGLONG”转换到“unsigned int”，可能丢失数据
     1>ChatDlg.cpp(280): warning C4244: “参数”: 从“ULONGLONG”转换到“UINT”，可能丢失数据
         ChatEdit.cpp
         ChatToolBar.cpp
         ClientSocket.cpp
     1>ClientSocket.cpp(127): warning C4244: “=”: 从“ULONGLONG”转换到“unsigned int”，可能丢失数据
     1>ClientSocket.cpp(133): warning C4244: “=”: 从“ULONGLONG”转换到“unsigned int”，可能丢失数据
     1>ClientSocket.cpp(134): warning C4244: “=”: 从“ULONGLONG”转换到“unsigned int”，可能丢失数据
     1>ClientSocket.cpp(135): warning C4244: “参数”: 从“ULONGLONG”转换到“UINT”，可能丢失数据
     1>ClientSocket.cpp(136): warning C4244: “参数”: 从“ULONGLONG”转换到“int”，可能丢失数据
         LanSelDlg.cpp
         LANTalk.cpp
     1>LANTalk.cpp(384): warning C4244: “初始化”: 从“ULONGLONG”转换到“ULONG”，可能丢失数据
         LANTalkDlg.cpp
         ListenSocket.cpp
         RecdViewDlg.cpp
         RecvFileDlg.cpp
         SockMsg.cpp
       ResourceCompile:
         C:\Program Files (x86)\Windows Kits\8.1\bin\x86\rc.exe /D NDEBUG /D _UNICODE /D UNICODE /l"0x0409" /IRelease\ /nologo /fo"Release\LANTalk.res" LANTalk.rc 
       Link:
         D:\Program Files (x86)\Microsoft Visual Studio 14.0\VC\bin\link.exe /ERRORREPORT:PROMPT /OUT:"C:\Users\rns\Documents\GitHub\LANTalk\Release\LANTalk.exe" /INCREMENTAL:NO /NOLOGO /MANIFEST /MANIFESTUAC:"level='asInvoker' uiAccess='false'" /manifest:embed /manifestinput:"D:\Program Files (x86)\Microsoft Visual Studio 14.0\VC\Include\Manifest\dpiaware.manifest" /Debug /PDB:"C:\Users\rns\Documents\GitHub\LANTalk\Release\LANTalk.pdb" /SUBSYSTEM:WINDOWS /OPT:REF /OPT:ICF /LTCG:incremental /TLBID:1 /ENTRY:"wWinMainCRTStartup" /DYNAMICBASE /NXCOMPAT /IMPLIB:"C:\Users\rns\Documents\GitHub\LANTalk\Release\LANTalk.lib" /MACHINE:X86 /SAFESEH Release\LANTalk.res
         Release\basicClass.obj
         Release\ChatDlg.obj
         Release\ChatEdit.obj
         Release\ChatToolBar.obj
         Release\ClientSocket.obj
         Release\LanSelDlg.obj
         Release\LANTalk.obj
         Release\LANTalkDlg.obj
         Release\ListenSocket.obj
         Release\RecdViewDlg.obj
         Release\RecvFileDlg.obj
         Release\SockMsg.obj
         Release\stdafx.obj
         正在生成代码
         All 429 functions were compiled because no usable IPDB/IOBJ from previous compilation was found.
         已完成代码的生成
         LANTalk.vcxproj -> C:\Users\rns\Documents\GitHub\LANTalk\Release\LANTalk.exe
     1>已完成生成项目“C:\Users\rns\Documents\GitHub\LANTalk\LANTalk.vcxproj”(Rebuild 个目标)的操作。

已成功生成。

已用时间 00:00:12.05
